Using pre-set license
Built from '2022.3/staging' branch; Version is '2022.3.4f1 (35713cd46cd7) revision 3502396'; Using compiler version '192829333'; Build Type 'Release'
OS: 'Windows 11  (10.0.26100) 64bit Professional' Language: 'en' Physical Memory: 31911 MB
BatchMode: 1, IsHumanControllingUs: 0, StartBugReporterOnCrash: 0, Is64bit: 1, IsPro: 1

COMMAND LINE ARGUMENTS:
C:\Program Files\Unity\Hub\Editor\2022.3.4f1\Editor\Unity.exe
-adb2
-batchMode
-noUpm
-name
AssetImportWorker0
-projectPath
C:/Users/tiffa/Documents/GitHub/thesis/prototype
-logFile
Logs/AssetImportWorker0.log
-srvPort
58621
Successfully changed project path to: C:/Users/tiffa/Documents/GitHub/thesis/prototype
C:/Users/tiffa/Documents/GitHub/thesis/prototype
[UnityMemory] Configuration Parameters - Can be set up in boot.config
    "memorysetup-bucket-allocator-granularity=16"
    "memorysetup-bucket-allocator-bucket-count=8"
    "memorysetup-bucket-allocator-block-size=33554432"
    "memorysetup-bucket-allocator-block-count=8"
    "memorysetup-main-allocator-block-size=16777216"
    "memorysetup-thread-allocator-block-size=16777216"
    "memorysetup-gfx-main-allocator-block-size=16777216"
    "memorysetup-gfx-thread-allocator-block-size=16777216"
    "memorysetup-cache-allocator-block-size=4194304"
    "memorysetup-typetree-allocator-block-size=2097152"
    "memorysetup-profiler-bucket-allocator-granularity=16"
    "memorysetup-profiler-bucket-allocator-bucket-count=8"
    "memorysetup-profiler-bucket-allocator-block-size=33554432"
    "memorysetup-profiler-bucket-allocator-block-count=8"
    "memorysetup-profiler-allocator-block-size=16777216"
    "memorysetup-profiler-editor-allocator-block-size=1048576"
    "memorysetup-temp-allocator-size-main=16777216"
    "memorysetup-job-temp-allocator-block-size=2097152"
    "memorysetup-job-temp-allocator-block-size-background=1048576"
    "memorysetup-job-temp-allocator-reduction-small-platforms=262144"
    "memorysetup-allocator-temp-initial-block-size-main=262144"
    "memorysetup-allocator-temp-initial-block-size-worker=262144"
    "memorysetup-temp-allocator-size-background-worker=32768"
    "memorysetup-temp-allocator-size-job-worker=262144"
    "memorysetup-temp-allocator-size-preload-manager=33554432"
    "memorysetup-temp-allocator-size-nav-mesh-worker=65536"
    "memorysetup-temp-allocator-size-audio-worker=65536"
    "memorysetup-temp-allocator-size-cloud-worker=32768"
    "memorysetup-temp-allocator-size-gi-baking-worker=262144"
    "memorysetup-temp-allocator-size-gfx=262144"
Player connection [11204] Host "[IP] 192.168.1.196 [Port] 0 [Flags] 2 [Guid] 2934172439 [EditorId] 2934172439 [Version] 1048832 [Id] WindowsEditor(7,Tiff) [Debug] 1 [PackageName] WindowsEditor [ProjectName] Editor" joined multi-casting on [225.0.0.222:54997]...

Player connection [11204] Host "[IP] 192.168.1.196 [Port] 0 [Flags] 2 [Guid] 2934172439 [EditorId] 2934172439 [Version] 1048832 [Id] WindowsEditor(7,Tiff) [Debug] 1 [PackageName] WindowsEditor [ProjectName] Editor" joined alternative multi-casting on [225.0.0.222:34997]...

Refreshing native plugins compatible for Editor in 6.56 ms, found 3 plugins.
Preloading 0 native plugins for Editor in 0.00 ms.
Initialize engine version: 2022.3.4f1 (35713cd46cd7)
[Subsystems] Discovering subsystems at path C:/Program Files/Unity/Hub/Editor/2022.3.4f1/Editor/Data/Resources/UnitySubsystems
[Subsystems] Discovering subsystems at path C:/Users/tiffa/Documents/GitHub/thesis/prototype/Assets
GfxDevice: creating device client; threaded=0; jobified=0
Direct3D:
    Version:  Direct3D 11.0 [level 11.1]
    Renderer: AMD Radeon RX 6800 (ID=0x73bf)
    Vendor:   ATI
    VRAM:     16311 MB
    Driver:   32.0.12033.1030
Initialize mono
Mono path[0] = 'C:/Program Files/Unity/Hub/Editor/2022.3.4f1/Editor/Data/Managed'
Mono path[1] = 'C:/Program Files/Unity/Hub/Editor/2022.3.4f1/Editor/Data/MonoBleedingEdge/lib/mono/unityjit-win32'
Mono config path = 'C:/Program Files/Unity/Hub/Editor/2022.3.4f1/Editor/Data/MonoBleedingEdge/etc'
Using monoOptions --debugger-agent=transport=dt_socket,embedding=1,server=y,suspend=n,address=127.0.0.1:56972
Begin MonoManager ReloadAssembly
Registering precompiled unity dll's ...
Trying to register platform support module: C:/Program Files/Unity/Hub/Editor/2022.3.4f1/Editor/Data/PlaybackEngines/WebGLSupport/UnityEditor.WebGL.Extensions.dll (that doesn't exist). Retrying without overrides.
Platform support module is not available: C:/Program Files/Unity/Hub/Editor/2022.3.4f1/Editor/Data/PlaybackEngines/WebGLSupport/UnityEditor.WebGL.Extensions.dll
Register platform support module: C:/Program Files/Unity/Hub/Editor/2022.3.4f1/Editor/Data/PlaybackEngines/MacStandaloneSupport/UnityEditor.OSXStandalone.Extensions.dll
Register platform support module: C:/Program Files/Unity/Hub/Editor/2022.3.4f1/Editor/Data/PlaybackEngines/WindowsStandaloneSupport/UnityEditor.WindowsStandalone.Extensions.dll
Register platform support module: C:/Program Files/Unity/Hub/Editor/2022.3.4f1/Editor/Data/PlaybackEngines/MetroSupport/UnityEditor.UWP.Extensions.dll
Registered in 0.004770 seconds.
- Loaded All Assemblies, in  0.211 seconds
Native extension for UWP target not found
Native extension for WindowsStandalone target not found
Native extension for OSXStandalone target not found
Mono: successfully reloaded assembly
- Finished resetting the current domain, in  0.171 seconds
Domain Reload Profiling: 382ms
	BeginReloadAssembly (57ms)
		ExecutionOrderSort (0ms)
		DisableScriptedObjects (0ms)
		BackupInstance (0ms)
		ReleaseScriptingObjects (0ms)
		CreateAndSetChildDomain (1ms)
	RebuildCommonClasses (23ms)
	RebuildNativeTypeToScriptingClass (7ms)
	initialDomainReloadingComplete (37ms)
	LoadAllAssembliesAndSetupDomain (85ms)
		LoadAssemblies (56ms)
		RebuildTransferFunctionScriptingTraits (0ms)
		AnalyzeDomain (82ms)
			TypeCache.Refresh (81ms)
				TypeCache.ScanAssembly (74ms)
			ScanForSourceGeneratedMonoScriptInfo (0ms)
			ResolveRequiredComponents (0ms)
	FinalizeReload (172ms)
		ReleaseScriptCaches (0ms)
		RebuildScriptCaches (0ms)
		SetupLoadedEditorAssemblies (134ms)
			LogAssemblyErrors (0ms)
			InitializePlatformSupportModulesInManaged (7ms)
			SetLoadedEditorAssemblies (4ms)
			RefreshPlugins (0ms)
			BeforeProcessingInitializeOnLoad (1ms)
			ProcessInitializeOnLoadAttributes (87ms)
			ProcessInitializeOnLoadMethodAttributes (35ms)
			AfterProcessingInitializeOnLoad (0ms)
			EditorAssembliesLoaded (0ms)
		ExecutionOrderSort2 (0ms)
		AwakeInstancesAfterBackupRestoration (0ms)
========================================================================
Worker process is ready to serve import requests
Begin MonoManager ReloadAssembly
Symbol file LoadedFromMemory doesn't match image C:\Users\tiffa\Documents\GitHub\thesis\prototype\Library\PackageCache\com.unity.visualscripting@1.8.0\Editor\VisualScripting.Core\Dependencies\YamlDotNet\Unity.VisualScripting.YamlDotNet.dll
Symbol file LoadedFromMemory doesn't match image C:\Users\tiffa\Documents\GitHub\thesis\prototype\Library\PackageCache\com.unity.visualscripting@1.8.0\Editor\VisualScripting.Core\Dependencies\DotNetZip\Unity.VisualScripting.IonicZip.dll
- Loaded All Assemblies, in  0.489 seconds
Refreshing native plugins compatible for Editor in 2.68 ms, found 3 plugins.
Native extension for UWP target not found
Native extension for WindowsStandalone target not found
Native extension for OSXStandalone target not found
Mono: successfully reloaded assembly
- Finished resetting the current domain, in  0.521 seconds
Domain Reload Profiling: 1009ms
	BeginReloadAssembly (80ms)
		ExecutionOrderSort (0ms)
		DisableScriptedObjects (3ms)
		BackupInstance (0ms)
		ReleaseScriptingObjects (0ms)
		CreateAndSetChildDomain (17ms)
	RebuildCommonClasses (21ms)
	RebuildNativeTypeToScriptingClass (6ms)
	initialDomainReloadingComplete (27ms)
	LoadAllAssembliesAndSetupDomain (353ms)
		LoadAssemblies (174ms)
		RebuildTransferFunctionScriptingTraits (0ms)
		AnalyzeDomain (216ms)
			TypeCache.Refresh (188ms)
				TypeCache.ScanAssembly (177ms)
			ScanForSourceGeneratedMonoScriptInfo (21ms)
			ResolveRequiredComponents (7ms)
	FinalizeReload (522ms)
		ReleaseScriptCaches (0ms)
		RebuildScriptCaches (0ms)
		SetupLoadedEditorAssemblies (414ms)
			LogAssemblyErrors (0ms)
			InitializePlatformSupportModulesInManaged (7ms)
			SetLoadedEditorAssemblies (3ms)
			RefreshPlugins (0ms)
			BeforeProcessingInitializeOnLoad (51ms)
			ProcessInitializeOnLoadAttributes (301ms)
			ProcessInitializeOnLoadMethodAttributes (49ms)
			AfterProcessingInitializeOnLoad (4ms)
			EditorAssembliesLoaded (0ms)
		ExecutionOrderSort2 (0ms)
		AwakeInstancesAfterBackupRestoration (4ms)
Launched and connected shader compiler UnityShaderCompiler.exe after 0.03 seconds
Refreshing native plugins compatible for Editor in 2.04 ms, found 3 plugins.
Preloading 0 native plugins for Editor in 0.00 ms.
Unloading 5637 Unused Serialized files (Serialized files now loaded: 0)
Unloading 94 unused Assets / (1.6 MB). Loaded Objects now: 6099.
Memory consumption went from 237.5 MB to 235.9 MB.
Total: 3.212800 ms (FindLiveObjects: 0.369600 ms CreateObjectMapping: 0.206900 ms MarkObjects: 2.263800 ms  DeleteObjects: 0.371800 ms)

AssetImportParameters requested are different than current active one (requested -> active):
  custom:container-demuxer-ogg: 62fdf1f143b41e24485cea50d1cbac27 -> 
  custom:video-codec-MediaFoundation-h265: 746d11721c4dcdbdad8f713fa42b33f4 -> 
  custom:video-decoder-ogg-theora: a1e56fd34408186e4bbccfd4996cb3dc -> 
  custom:framework-win-MediaFoundation: 216162199b28c13a410421893ffa2e32 -> 
  custom:container-demuxer-webm: 4f35f7cbe854078d1ac9338744f61a02 -> 
  custom:container-muxer-webm: aa71ff27fc2769a1b78a27578f13a17b -> 
  custom:video-decoder-webm-vp8: 9c59270c3fd7afecdb556c50c9e8de78 -> 
  custom:AudioImporter_EditorPlatform: d09bf68614088b80899f8185d706f6e7 -> 
  custom:video-encoder-webm-vp8: eb34c28f22e8b96e1ab97ce403110664 -> 
  custom:audio-decoder-ogg-vorbis: bf7c407c2cedff20999df2af8eb42d56 -> 
  custom:audio-encoder-webm-vorbis: bf7c407c2cedff20999df2af8eb42d56 -> 
========================================================================
Received Prepare
Refreshing native plugins compatible for Editor in 1.86 ms, found 3 plugins.
Preloading 0 native plugins for Editor in 0.00 ms.
Unloading 15 Unused Serialized files (Serialized files now loaded: 0)
Unloading 15 unused Assets / (1.6 MB). Loaded Objects now: 6099.
Memory consumption went from 112.2 MB to 110.6 MB.
Total: 3.104100 ms (FindLiveObjects: 0.351400 ms CreateObjectMapping: 0.172700 ms MarkObjects: 2.283700 ms  DeleteObjects: 0.295800 ms)

Prepare: number of updated asset objects reloaded= 0
AssetImportParameters requested are different than current active one (requested -> active):
  custom:container-demuxer-ogg: 62fdf1f143b41e24485cea50d1cbac27 -> 
  custom:video-codec-MediaFoundation-h265: 746d11721c4dcdbdad8f713fa42b33f4 -> 
  custom:video-decoder-ogg-theora: a1e56fd34408186e4bbccfd4996cb3dc -> 
  custom:framework-win-MediaFoundation: 216162199b28c13a410421893ffa2e32 -> 
  custom:CustomObjectIndexerAttribute: a3ef5dd2817f97addfee359851a9dba5 -> 
  custom:container-demuxer-webm: 4f35f7cbe854078d1ac9338744f61a02 -> 
  custom:container-muxer-webm: aa71ff27fc2769a1b78a27578f13a17b -> 
  custom:video-decoder-webm-vp8: 9c59270c3fd7afecdb556c50c9e8de78 -> 
  custom:AudioImporter_EditorPlatform: d09bf68614088b80899f8185d706f6e7 -> 
  custom:video-encoder-webm-vp8: eb34c28f22e8b96e1ab97ce403110664 -> 
  custom:audio-decoder-ogg-vorbis: bf7c407c2cedff20999df2af8eb42d56 -> 
  custom:audio-encoder-webm-vorbis: bf7c407c2cedff20999df2af8eb42d56 -> 
========================================================================
Received Import Request.
  Time since last request: 335815.194721 seconds.
  path: Assets/Scenes
  artifactKey: Guid(65f25087c947aa24982fa258f9b261cd) Importer(815301076,1909f56bfc062723c751e8b465ee728b)
Start importing Assets/Scenes using Guid(65f25087c947aa24982fa258f9b261cd) Importer(815301076,1909f56bfc062723c751e8b465ee728b)  -> (artifact id: '6d93bd60686375090e3269d773160a34') in 0.001254 seconds
Number of updated asset objects reloaded before import = 0
Number of asset objects unloaded after import = 0
========================================================================
Received Import Request.
  Time since last request: 1.019140 seconds.
  path: Assets/Scenes/MainMenu.unity
  artifactKey: Guid(33db9e02451403949b30f42845704d8e) Importer(815301076,1909f56bfc062723c751e8b465ee728b)
Start importing Assets/Scenes/MainMenu.unity using Guid(33db9e02451403949b30f42845704d8e) Importer(815301076,1909f56bfc062723c751e8b465ee728b)  -> (artifact id: '0f9a0896152deb34a0552f3be2a9d5af') in 0.000355 seconds
Number of updated asset objects reloaded before import = 0
Number of asset objects unloaded after import = 0
========================================================================
Received Import Request.
  Time since last request: 1.632938 seconds.
  path: Assets/Scenes/MainScene.unity
  artifactKey: Guid(99c9720ab356a0642a771bea13969a05) Importer(815301076,1909f56bfc062723c751e8b465ee728b)
Start importing Assets/Scenes/MainScene.unity using Guid(99c9720ab356a0642a771bea13969a05) Importer(815301076,1909f56bfc062723c751e8b465ee728b)  -> (artifact id: '09d30f4da7129447121f42559b9d6047') in 0.000350 seconds
Number of updated asset objects reloaded before import = 0
Number of asset objects unloaded after import = 0
========================================================================
Received Import Request.
  Time since last request: 3456.555945 seconds.
  path: Assets/Sprites/blue.png
  artifactKey: Guid(d36e88ec2614fcb4f84f09af03153e43) Importer(815301076,1909f56bfc062723c751e8b465ee728b)
Start importing Assets/Sprites/blue.png using Guid(d36e88ec2614fcb4f84f09af03153e43) Importer(815301076,1909f56bfc062723c751e8b465ee728b)  -> (artifact id: 'b0e9b6dff834b1692923cd8c3596b5fc') in 0.007302 seconds
Number of updated asset objects reloaded before import = 0
Number of asset objects unloaded after import = 2
========================================================================
Received Import Request.
  Time since last request: 0.000014 seconds.
  path: Assets/Sprites/guard.png
  artifactKey: Guid(bb8e7273e8e7a574da8d860d8cd0975f) Importer(815301076,1909f56bfc062723c751e8b465ee728b)
Start importing Assets/Sprites/guard.png using Guid(bb8e7273e8e7a574da8d860d8cd0975f) Importer(815301076,1909f56bfc062723c751e8b465ee728b)  -> (artifact id: 'c48520859912aa3b9691b5c42fd7adbc') in 0.006239 seconds
Number of updated asset objects reloaded before import = 0
Number of asset objects unloaded after import = 4
========================================================================
Received Import Request.
  Time since last request: 0.677399 seconds.
  path: Assets/Terrain/New Terrain.asset
  artifactKey: Guid(e27b456099c756d4ca124aa076408444) Importer(815301076,1909f56bfc062723c751e8b465ee728b)
Start importing Assets/Terrain/New Terrain.asset using Guid(e27b456099c756d4ca124aa076408444) Importer(815301076,1909f56bfc062723c751e8b465ee728b)  -> (artifact id: '18819858cc9ff48a6198a9635beb833f') in 0.003884 seconds
Number of updated asset objects reloaded before import = 0
Number of asset objects unloaded after import = 1
========================================================================
Received Import Request.
  Time since last request: 4.742215 seconds.
  path: Assets/UrbanNightSky/Demo
  artifactKey: Guid(928a0ae9cf623f64cb909c7f933c5ae0) Importer(815301076,1909f56bfc062723c751e8b465ee728b)
Start importing Assets/UrbanNightSky/Demo using Guid(928a0ae9cf623f64cb909c7f933c5ae0) Importer(815301076,1909f56bfc062723c751e8b465ee728b)  -> (artifact id: '60ac468c63bf177e53ee817a00f8c3d1') in 0.000882 seconds
Number of updated asset objects reloaded before import = 0
Number of asset objects unloaded after import = 0
========================================================================
Received Import Request.
  Time since last request: 0.356700 seconds.
  path: Assets/UrbanNightSky/Textures
  artifactKey: Guid(8af58ef2e2d966a43b045e43919d814b) Importer(815301076,1909f56bfc062723c751e8b465ee728b)
Start importing Assets/UrbanNightSky/Textures using Guid(8af58ef2e2d966a43b045e43919d814b) Importer(815301076,1909f56bfc062723c751e8b465ee728b)  -> (artifact id: '6198920b03913886e0b2d800e2a7b8da') in 0.001002 seconds
Number of updated asset objects reloaded before import = 0
Number of asset objects unloaded after import = 0
========================================================================
Received Import Request.
  Time since last request: 2.097978 seconds.
  path: Assets/UI/heartbeatMonitor.png
  artifactKey: Guid(ce3695edb2a92d0428d3d421cdc3735b) Importer(815301076,1909f56bfc062723c751e8b465ee728b)
Start importing Assets/UI/heartbeatMonitor.png using Guid(ce3695edb2a92d0428d3d421cdc3735b) Importer(815301076,1909f56bfc062723c751e8b465ee728b)  -> (artifact id: '2550e576ea7f7711fd822e177e54d649') in 0.009510 seconds
Number of updated asset objects reloaded before import = 0
Number of asset objects unloaded after import = 23
========================================================================
Received Import Request.
  Time since last request: 1.401407 seconds.
  path: Assets/ImportedAssets/enemysq.JPG
  artifactKey: Guid(7ffe222e910c87d439166f415f905736) Importer(815301076,1909f56bfc062723c751e8b465ee728b)
Start importing Assets/ImportedAssets/enemysq.JPG using Guid(7ffe222e910c87d439166f415f905736) Importer(815301076,1909f56bfc062723c751e8b465ee728b)  -> (artifact id: '2548db47ccab6922f19c83207c864951') in 0.002390 seconds
Number of updated asset objects reloaded before import = 0
Number of asset objects unloaded after import = 2
========================================================================
Received Import Request.
  Time since last request: 0.981861 seconds.
  path: Assets/JP Environmental Asset Pack/Textures
  artifactKey: Guid(62a09d9a0bfccce43a2b778bbfa24408) Importer(815301076,1909f56bfc062723c751e8b465ee728b)
Start importing Assets/JP Environmental Asset Pack/Textures using Guid(62a09d9a0bfccce43a2b778bbfa24408) Importer(815301076,1909f56bfc062723c751e8b465ee728b)  -> (artifact id: '99937f9f3e7b18c9ac4c294dac83ada2') in 0.001088 seconds
Number of updated asset objects reloaded before import = 0
Number of asset objects unloaded after import = 0
========================================================================
Received Import Request.
  Time since last request: 1.220198 seconds.
  path: Assets/JP Environmental Asset Pack/Textures/Tree 3
  artifactKey: Guid(d77b1868bcbc8c34aa05326768247588) Importer(815301076,1909f56bfc062723c751e8b465ee728b)
Start importing Assets/JP Environmental Asset Pack/Textures/Tree 3 using Guid(d77b1868bcbc8c34aa05326768247588) Importer(815301076,1909f56bfc062723c751e8b465ee728b)  -> (artifact id: '2f35e40a7be27861b879fcb9723e5834') in 0.000795 seconds
Number of updated asset objects reloaded before import = 0
Number of asset objects unloaded after import = 0
========================================================================
Received Import Request.
  Time since last request: 0.272382 seconds.
  path: Assets/JP Environmental Asset Pack/Textures/Tree 4
  artifactKey: Guid(9acfd345626cf73469a060f1426e2086) Importer(815301076,1909f56bfc062723c751e8b465ee728b)
Start importing Assets/JP Environmental Asset Pack/Textures/Tree 4 using Guid(9acfd345626cf73469a060f1426e2086) Importer(815301076,1909f56bfc062723c751e8b465ee728b)  -> (artifact id: '6d87da1181363dce0e474ba22e2ff0a4') in 0.000938 seconds
Number of updated asset objects reloaded before import = 0
Number of asset objects unloaded after import = 0
========================================================================
Received Import Request.
  Time since last request: 0.147016 seconds.
  path: Assets/JP Environmental Asset Pack/Textures/Tree 4/Dead Tree 4 RFS_Tree 2 Mat_AlbedoTransparency.png
  artifactKey: Guid(35d5cc473c6ed0746b69f87c369a5050) Importer(815301076,1909f56bfc062723c751e8b465ee728b)
Start importing Assets/JP Environmental Asset Pack/Textures/Tree 4/Dead Tree 4 RFS_Tree 2 Mat_AlbedoTransparency.png using Guid(35d5cc473c6ed0746b69f87c369a5050) Importer(815301076,1909f56bfc062723c751e8b465ee728b)  -> (artifact id: '436d9efbaab31c86e455beba3df4d80a') in 0.003854 seconds
Number of updated asset objects reloaded before import = 0
Number of asset objects unloaded after import = 1
========================================================================
Received Import Request.
  Time since last request: 0.000060 seconds.
  path: Assets/JP Environmental Asset Pack/Textures/Tree 4/Tree 4 Branchs_NRM.png
  artifactKey: Guid(c251a950392d55344a7e63f8dfa16288) Importer(815301076,1909f56bfc062723c751e8b465ee728b)
Start importing Assets/JP Environmental Asset Pack/Textures/Tree 4/Tree 4 Branchs_NRM.png using Guid(c251a950392d55344a7e63f8dfa16288) Importer(815301076,1909f56bfc062723c751e8b465ee728b)  -> (artifact id: 'badcdd1674e1d6e681b49f2172d73c1c') in 0.006694 seconds
Number of updated asset objects reloaded before import = 0
Number of asset objects unloaded after import = 1
========================================================================
Received Import Request.
  Time since last request: 0.000013 seconds.
  path: Assets/JP Environmental Asset Pack/Textures/Tree 4/Dead Tree 4 RFS_Tree 2 Mat_Normal.png
  artifactKey: Guid(f4bf7bd8b6f1e304f94eaca20e707080) Importer(815301076,1909f56bfc062723c751e8b465ee728b)
Start importing Assets/JP Environmental Asset Pack/Textures/Tree 4/Dead Tree 4 RFS_Tree 2 Mat_Normal.png using Guid(f4bf7bd8b6f1e304f94eaca20e707080) Importer(815301076,1909f56bfc062723c751e8b465ee728b)  -> (artifact id: '16ff4cdce8597bf5ce95096df71d19d5') in 0.002205 seconds
Number of updated asset objects reloaded before import = 0
Number of asset objects unloaded after import = 1
========================================================================
Received Import Request.
  Time since last request: 3.672966 seconds.
  path: Assets/JP Environmental Asset Pack/Prefabs
  artifactKey: Guid(3ec6222f5337b994ead4cef79aa0e3ce) Importer(815301076,1909f56bfc062723c751e8b465ee728b)
Start importing Assets/JP Environmental Asset Pack/Prefabs using Guid(3ec6222f5337b994ead4cef79aa0e3ce) Importer(815301076,1909f56bfc062723c751e8b465ee728b)  -> (artifact id: 'c7445378916ff9bc503e16e8768921e1') in 0.001252 seconds
Number of updated asset objects reloaded before import = 0
Number of asset objects unloaded after import = 0
========================================================================
Received Import Request.
  Time since last request: 0.699241 seconds.
  path: Assets/JP Environmental Asset Pack/Prefabs/Foliage 1.prefab
  artifactKey: Guid(dfd4a7a5dfb2d0f418db69b31fed990f) Importer(815301076,1909f56bfc062723c751e8b465ee728b)
Start importing Assets/JP Environmental Asset Pack/Prefabs/Foliage 1.prefab using Guid(dfd4a7a5dfb2d0f418db69b31fed990f) Importer(815301076,1909f56bfc062723c751e8b465ee728b)  -> (artifact id: 'c73f59652058448e94298e06ef817e54') in 0.001791 seconds
Number of updated asset objects reloaded before import = 0
Number of asset objects unloaded after import = 7
========================================================================
Received Import Request.
  Time since last request: 0.000010 seconds.
  path: Assets/JP Environmental Asset Pack/Prefabs/Grass Patch Large.prefab
  artifactKey: Guid(98a359d63c95b74479b90b53b0631766) Importer(815301076,1909f56bfc062723c751e8b465ee728b)
Start importing Assets/JP Environmental Asset Pack/Prefabs/Grass Patch Large.prefab using Guid(98a359d63c95b74479b90b53b0631766) Importer(815301076,1909f56bfc062723c751e8b465ee728b)  -> (artifact id: 'ef943a86ce58005e0dab51460aa5b3a3') in 0.002570 seconds
Number of updated asset objects reloaded before import = 0
Number of asset objects unloaded after import = 7
========================================================================
Received Import Request.
  Time since last request: 0.000029 seconds.
  path: Assets/JP Environmental Asset Pack/Prefabs/Foliage 3.prefab
  artifactKey: Guid(9c8fae5eecdacf14d9ed2944f332564c) Importer(815301076,1909f56bfc062723c751e8b465ee728b)
Start importing Assets/JP Environmental Asset Pack/Prefabs/Foliage 3.prefab using Guid(9c8fae5eecdacf14d9ed2944f332564c) Importer(815301076,1909f56bfc062723c751e8b465ee728b)  -> (artifact id: '206b40acb99f36619d6e79a116774a85') in 0.002536 seconds
Number of updated asset objects reloaded before import = 0
Number of asset objects unloaded after import = 7
========================================================================
Received Import Request.
  Time since last request: 0.000022 seconds.
  path: Assets/JP Environmental Asset Pack/Prefabs/Small Rock 2.prefab
  artifactKey: Guid(b10cc6f9768e47f48814e5902fe068eb) Importer(815301076,1909f56bfc062723c751e8b465ee728b)
Start importing Assets/JP Environmental Asset Pack/Prefabs/Small Rock 2.prefab using Guid(b10cc6f9768e47f48814e5902fe068eb) Importer(815301076,1909f56bfc062723c751e8b465ee728b)  -> (artifact id: 'dfe5b895425c19cf6520c75b248ff4b8') in 0.000840 seconds
Number of updated asset objects reloaded before import = 0
Number of asset objects unloaded after import = 7
========================================================================
Received Import Request.
  Time since last request: 0.000009 seconds.
  path: Assets/JP Environmental Asset Pack/Prefabs/Small Rock 3.prefab
  artifactKey: Guid(e5a5fd945677a3f43bc08c44bf38e61f) Importer(815301076,1909f56bfc062723c751e8b465ee728b)
Start importing Assets/JP Environmental Asset Pack/Prefabs/Small Rock 3.prefab using Guid(e5a5fd945677a3f43bc08c44bf38e61f) Importer(815301076,1909f56bfc062723c751e8b465ee728b)  -> (artifact id: '7dbf82c24934991e0cbfba41fc4c1cba') in 0.000692 seconds
Number of updated asset objects reloaded before import = 0
Number of asset objects unloaded after import = 7
========================================================================
Received Import Request.
  Time since last request: 0.000007 seconds.
  path: Assets/JP Environmental Asset Pack/Prefabs/Tree 3.prefab
  artifactKey: Guid(fb468437ddd8f1b4fa857e505c8400af) Importer(815301076,1909f56bfc062723c751e8b465ee728b)
Start importing Assets/JP Environmental Asset Pack/Prefabs/Tree 3.prefab using Guid(fb468437ddd8f1b4fa857e505c8400af) Importer(815301076,1909f56bfc062723c751e8b465ee728b)  -> (artifact id: '8f96b877565ecb9a72106d5de11d4454') in 0.002316 seconds
Number of updated asset objects reloaded before import = 0
Number of asset objects unloaded after import = 7
========================================================================
Received Import Request.
  Time since last request: 0.000017 seconds.
  path: Assets/JP Environmental Asset Pack/Prefabs/Tree 4.prefab
  artifactKey: Guid(a73e9680647acdd40b863c4b6d3982b0) Importer(815301076,1909f56bfc062723c751e8b465ee728b)
Start importing Assets/JP Environmental Asset Pack/Prefabs/Tree 4.prefab using Guid(a73e9680647acdd40b863c4b6d3982b0) Importer(815301076,1909f56bfc062723c751e8b465ee728b)  -> (artifact id: 'af1a6ac63b3178ad05ef1c6deff0f78c') in 0.001766 seconds
Number of updated asset objects reloaded before import = 0
Number of asset objects unloaded after import = 7
========================================================================
Received Import Request.
  Time since last request: 0.000011 seconds.
  path: Assets/JP Environmental Asset Pack/Prefabs/Small Rock 1.prefab
  artifactKey: Guid(375204e43ad118e4bbc83b27192e3946) Importer(815301076,1909f56bfc062723c751e8b465ee728b)
Start importing Assets/JP Environmental Asset Pack/Prefabs/Small Rock 1.prefab using Guid(375204e43ad118e4bbc83b27192e3946) Importer(815301076,1909f56bfc062723c751e8b465ee728b)  -> (artifact id: '4227827d4b6a878f5e31aea0dd52df17') in 0.000935 seconds
Number of updated asset objects reloaded before import = 0
Number of asset objects unloaded after import = 7
========================================================================
Received Import Request.
  Time since last request: 7.623579 seconds.
  path: Assets/JP Environmental Asset Pack/Materials
  artifactKey: Guid(fd244097e34e65641905920ddbb5b06d) Importer(815301076,1909f56bfc062723c751e8b465ee728b)
Start importing Assets/JP Environmental Asset Pack/Materials using Guid(fd244097e34e65641905920ddbb5b06d) Importer(815301076,1909f56bfc062723c751e8b465ee728b)  -> (artifact id: '42b633ffb66c1682518e5518afbccfeb') in 0.000966 seconds
Number of updated asset objects reloaded before import = 0
Number of asset objects unloaded after import = 0
========================================================================
Received Import Request.
  Time since last request: 0.758096 seconds.
  path: Assets/JP Environmental Asset Pack/Materials/Tree 4
  artifactKey: Guid(e3f1f192b6521be4b8e3d3684ba4cd7a) Importer(815301076,1909f56bfc062723c751e8b465ee728b)
Start importing Assets/JP Environmental Asset Pack/Materials/Tree 4 using Guid(e3f1f192b6521be4b8e3d3684ba4cd7a) Importer(815301076,1909f56bfc062723c751e8b465ee728b)  -> (artifact id: 'e323dee7949f47e5a7335b65ae9e7d27') in 0.000827 seconds
Number of updated asset objects reloaded before import = 0
Number of asset objects unloaded after import = 0
========================================================================
Received Import Request.
  Time since last request: 0.390661 seconds.
  path: Assets/JP Environmental Asset Pack/Materials/Tree 4/Tree 4 Branches.mat
  artifactKey: Guid(ac715ce2e4f656d4396f815ec79cb6d1) Importer(815301076,1909f56bfc062723c751e8b465ee728b)
Start importing Assets/JP Environmental Asset Pack/Materials/Tree 4/Tree 4 Branches.mat using Guid(ac715ce2e4f656d4396f815ec79cb6d1) Importer(815301076,1909f56bfc062723c751e8b465ee728b)  -> (artifact id: '51380d9cbbbc4edbbb4a85e7e2094e62') in 0.000748 seconds
Number of updated asset objects reloaded before import = 0
Number of asset objects unloaded after import = 1
========================================================================
Received Import Request.
  Time since last request: 1692.628107 seconds.
  path: Assets/JP Environmental Asset Pack/Materials/Tree 4/Tree 4 Branches.mat
  artifactKey: Guid(ac715ce2e4f656d4396f815ec79cb6d1) Importer(815301076,1909f56bfc062723c751e8b465ee728b)
Start importing Assets/JP Environmental Asset Pack/Materials/Tree 4/Tree 4 Branches.mat using Guid(ac715ce2e4f656d4396f815ec79cb6d1) Importer(815301076,1909f56bfc062723c751e8b465ee728b)  -> (artifact id: '44fa335b4e515c0dc7f771c36ed0b942') in 0.000862 seconds
Number of updated asset objects reloaded before import = 0
Number of asset objects unloaded after import = 1
